c:\users\marwan\desktop\csed\computer engineering year 3\2nd semester\graphics\3d-space-war-game\spacewars\spacewars\x64\release\vc143.pdb
c:\users\marwan\desktop\csed\computer engineering year 3\2nd semester\graphics\3d-space-war-game\spacewars\spacewars\x64\release\vbo.obj
c:\users\marwan\desktop\csed\computer engineering year 3\2nd semester\graphics\3d-space-war-game\spacewars\spacewars\x64\release\vao.obj
c:\users\marwan\desktop\csed\computer engineering year 3\2nd semester\graphics\3d-space-war-game\spacewars\spacewars\x64\release\texture.obj
c:\users\marwan\desktop\csed\computer engineering year 3\2nd semester\graphics\3d-space-war-game\spacewars\spacewars\x64\release\stb.obj
c:\users\marwan\desktop\csed\computer engineering year 3\2nd semester\graphics\3d-space-war-game\spacewars\spacewars\x64\release\skybox.obj
c:\users\marwan\desktop\csed\computer engineering year 3\2nd semester\graphics\3d-space-war-game\spacewars\spacewars\x64\release\shaderclass.obj
c:\users\marwan\desktop\csed\computer engineering year 3\2nd semester\graphics\3d-space-war-game\spacewars\spacewars\x64\release\planet.obj
c:\users\marwan\desktop\csed\computer engineering year 3\2nd semester\graphics\3d-space-war-game\spacewars\spacewars\x64\release\model.obj
c:\users\marwan\desktop\csed\computer engineering year 3\2nd semester\graphics\3d-space-war-game\spacewars\spacewars\x64\release\mesh.obj
c:\users\marwan\desktop\csed\computer engineering year 3\2nd semester\graphics\3d-space-war-game\spacewars\spacewars\x64\release\main.obj
c:\users\marwan\desktop\csed\computer engineering year 3\2nd semester\graphics\3d-space-war-game\spacewars\spacewars\x64\release\ebo.obj
c:\users\marwan\desktop\csed\computer engineering year 3\2nd semester\graphics\3d-space-war-game\spacewars\spacewars\x64\release\camera.obj
c:\users\marwan\desktop\csed\computer engineering year 3\2nd semester\graphics\3d-space-war-game\spacewars\spacewars\x64\release\assimpmodel.obj
c:\users\marwan\desktop\csed\computer engineering year 3\2nd semester\graphics\3d-space-war-game\spacewars\spacewars\x64\release\imgui_widgets.obj
c:\users\marwan\desktop\csed\computer engineering year 3\2nd semester\graphics\3d-space-war-game\spacewars\spacewars\x64\release\imgui_tables.obj
c:\users\marwan\desktop\csed\computer engineering year 3\2nd semester\graphics\3d-space-war-game\spacewars\spacewars\x64\release\imgui_impl_opengl3.obj
c:\users\marwan\desktop\csed\computer engineering year 3\2nd semester\graphics\3d-space-war-game\spacewars\spacewars\x64\release\imgui_impl_glfw.obj
c:\users\marwan\desktop\csed\computer engineering year 3\2nd semester\graphics\3d-space-war-game\spacewars\spacewars\x64\release\imgui_draw.obj
c:\users\marwan\desktop\csed\computer engineering year 3\2nd semester\graphics\3d-space-war-game\spacewars\spacewars\x64\release\imgui_demo.obj
c:\users\marwan\desktop\csed\computer engineering year 3\2nd semester\graphics\3d-space-war-game\spacewars\spacewars\x64\release\imgui.obj
c:\users\marwan\desktop\csed\computer engineering year 3\2nd semester\graphics\3d-space-war-game\spacewars\spacewars\x64\release\glad.obj
c:\users\marwan\desktop\csed\computer engineering year 3\2nd semester\graphics\3d-space-war-game\spacewars\x64\release\spacewars.exe
c:\users\marwan\desktop\csed\computer engineering year 3\2nd semester\graphics\3d-space-war-game\spacewars\spacewars\x64\release\spacewars.tlog\cl.command.1.tlog
c:\users\marwan\desktop\csed\computer engineering year 3\2nd semester\graphics\3d-space-war-game\spacewars\spacewars\x64\release\spacewars.tlog\cl.read.1.tlog
c:\users\marwan\desktop\csed\computer engineering year 3\2nd semester\graphics\3d-space-war-game\spacewars\spacewars\x64\release\spacewars.tlog\cl.write.1.tlog
c:\users\marwan\desktop\csed\computer engineering year 3\2nd semester\graphics\3d-space-war-game\spacewars\spacewars\x64\release\spacewars.tlog\link.command.1.tlog
c:\users\marwan\desktop\csed\computer engineering year 3\2nd semester\graphics\3d-space-war-game\spacewars\spacewars\x64\release\spacewars.tlog\link.read.1.tlog
