d:\[mohamed]\[mohamed]\computer third year\second term (eighth)\graphics\project\3d-space-war-game\spacewars\spacewars\x64\debug\vc143.pdb
d:\[mohamed]\[mohamed]\computer third year\second term (eighth)\graphics\project\3d-space-war-game\spacewars\spacewars\x64\debug\vc143.idb
d:\[mohamed]\[mohamed]\computer third year\second term (eighth)\graphics\project\3d-space-war-game\spacewars\spacewars\x64\debug\vbo.obj
d:\[mohamed]\[mohamed]\computer third year\second term (eighth)\graphics\project\3d-space-war-game\spacewars\spacewars\x64\debug\vao.obj
d:\[mohamed]\[mohamed]\computer third year\second term (eighth)\graphics\project\3d-space-war-game\spacewars\spacewars\x64\debug\texture.obj
d:\[mohamed]\[mohamed]\computer third year\second term (eighth)\graphics\project\3d-space-war-game\spacewars\spacewars\x64\debug\stb.obj
d:\[mohamed]\[mohamed]\computer third year\second term (eighth)\graphics\project\3d-space-war-game\spacewars\spacewars\x64\debug\shaderclass.obj
d:\[mohamed]\[mohamed]\computer third year\second term (eighth)\graphics\project\3d-space-war-game\spacewars\spacewars\x64\debug\model.obj
d:\[mohamed]\[mohamed]\computer third year\second term (eighth)\graphics\project\3d-space-war-game\spacewars\spacewars\x64\debug\mesh.obj
d:\[mohamed]\[mohamed]\computer third year\second term (eighth)\graphics\project\3d-space-war-game\spacewars\spacewars\x64\debug\main.obj
d:\[mohamed]\[mohamed]\computer third year\second term (eighth)\graphics\project\3d-space-war-game\spacewars\spacewars\x64\debug\ebo.obj
d:\[mohamed]\[mohamed]\computer third year\second term (eighth)\graphics\project\3d-space-war-game\spacewars\spacewars\x64\debug\camera.obj
d:\[mohamed]\[mohamed]\computer third year\second term (eighth)\graphics\project\3d-space-war-game\spacewars\spacewars\x64\debug\imgui_widgets.obj
d:\[mohamed]\[mohamed]\computer third year\second term (eighth)\graphics\project\3d-space-war-game\spacewars\spacewars\x64\debug\imgui_tables.obj
d:\[mohamed]\[mohamed]\computer third year\second term (eighth)\graphics\project\3d-space-war-game\spacewars\spacewars\x64\debug\imgui_impl_glfw.obj
d:\[mohamed]\[mohamed]\computer third year\second term (eighth)\graphics\project\3d-space-war-game\spacewars\spacewars\x64\debug\imgui_draw.obj
d:\[mohamed]\[mohamed]\computer third year\second term (eighth)\graphics\project\3d-space-war-game\spacewars\spacewars\x64\debug\imgui_demo.obj
d:\[mohamed]\[mohamed]\computer third year\second term (eighth)\graphics\project\3d-space-war-game\spacewars\spacewars\x64\debug\imgui.obj
d:\[mohamed]\[mohamed]\computer third year\second term (eighth)\graphics\project\3d-space-war-game\spacewars\spacewars\x64\debug\imgui_impl_opengl3.obj
d:\[mohamed]\[mohamed]\computer third year\second term (eighth)\graphics\project\3d-space-war-game\spacewars\spacewars\x64\debug\glad.obj
d:\[mohamed]\[mohamed]\computer third year\second term (eighth)\graphics\project\3d-space-war-game\spacewars\x64\debug\spacewars.exe
d:\[mohamed]\[mohamed]\computer third year\second term (eighth)\graphics\project\3d-space-war-game\spacewars\x64\debug\spacewars.pdb
<<<<<<< head
d:\[mohamed]\[mohamed]\computer third year\second term (eighth)\graphics\project\3d-space-war-game\spacewars\spacewars\x64\debug\spacewars.ilk
=======
c:\users\marwan\desktop\csed\computer engineering year 3\2nd semester\graphics\3d-space-war-game\spacewars\spacewars\x64\debug\spacewars.ilk
>>>>>>> marwan
c:\users\marwan\desktop\csed\computer engineering year 3\2nd semester\graphics\3d-space-war-game\spacewars\spacewars\x64\debug\assimpmodel.obj
c:\users\marwan\desktop\csed\computer engineering year 3\2nd semester\graphics\3d-space-war-game\spacewars\spacewars\x64\debug\camera.obj
c:\users\marwan\desktop\csed\computer engineering year 3\2nd semester\graphics\3d-space-war-game\spacewars\spacewars\x64\debug\ebo.obj
c:\users\marwan\desktop\csed\computer engineering year 3\2nd semester\graphics\3d-space-war-game\spacewars\spacewars\x64\debug\glad.obj
c:\users\marwan\desktop\csed\computer engineering year 3\2nd semester\graphics\3d-space-war-game\spacewars\spacewars\x64\debug\imgui.obj
c:\users\marwan\desktop\csed\computer engineering year 3\2nd semester\graphics\3d-space-war-game\spacewars\spacewars\x64\debug\imgui_demo.obj
c:\users\marwan\desktop\csed\computer engineering year 3\2nd semester\graphics\3d-space-war-game\spacewars\spacewars\x64\debug\imgui_draw.obj
c:\users\marwan\desktop\csed\computer engineering year 3\2nd semester\graphics\3d-space-war-game\spacewars\spacewars\x64\debug\imgui_impl_glfw.obj
c:\users\marwan\desktop\csed\computer engineering year 3\2nd semester\graphics\3d-space-war-game\spacewars\spacewars\x64\debug\imgui_impl_opengl3.obj
c:\users\marwan\desktop\csed\computer engineering year 3\2nd semester\graphics\3d-space-war-game\spacewars\spacewars\x64\debug\imgui_tables.obj
c:\users\marwan\desktop\csed\computer engineering year 3\2nd semester\graphics\3d-space-war-game\spacewars\spacewars\x64\debug\imgui_widgets.obj
c:\users\marwan\desktop\csed\computer engineering year 3\2nd semester\graphics\3d-space-war-game\spacewars\spacewars\x64\debug\main.obj
c:\users\marwan\desktop\csed\computer engineering year 3\2nd semester\graphics\3d-space-war-game\spacewars\spacewars\x64\debug\mesh.obj
c:\users\marwan\desktop\csed\computer engineering year 3\2nd semester\graphics\3d-space-war-game\spacewars\spacewars\x64\debug\model.obj
c:\users\marwan\desktop\csed\computer engineering year 3\2nd semester\graphics\3d-space-war-game\spacewars\spacewars\x64\debug\shaderclass.obj
c:\users\marwan\desktop\csed\computer engineering year 3\2nd semester\graphics\3d-space-war-game\spacewars\spacewars\x64\debug\stb.obj
c:\users\marwan\desktop\csed\computer engineering year 3\2nd semester\graphics\3d-space-war-game\spacewars\spacewars\x64\debug\texture.obj
c:\users\marwan\desktop\csed\computer engineering year 3\2nd semester\graphics\3d-space-war-game\spacewars\spacewars\x64\debug\vao.obj
c:\users\marwan\desktop\csed\computer engineering year 3\2nd semester\graphics\3d-space-war-game\spacewars\spacewars\x64\debug\vbo.obj
c:\users\marwan\desktop\csed\computer engineering year 3\2nd semester\graphics\3d-space-war-game\spacewars\spacewars\x64\debug\main.obj.enc
c:\users\marwan\desktop\csed\computer engineering year 3\2nd semester\graphics\3d-space-war-game\spacewars\spacewars\x64\debug\vc143.idb
c:\users\marwan\desktop\csed\computer engineering year 3\2nd semester\graphics\3d-space-war-game\spacewars\spacewars\x64\debug\vc143.pdb
c:\users\marwan\desktop\csed\computer engineering year 3\2nd semester\graphics\3d-space-war-game\spacewars\x64\debug\spacewars.pdb
c:\users\marwan\desktop\csed\computer engineering year 3\2nd semester\graphics\3d-space-war-game\spacewars\x64\debug\spacewars.exe
c:\users\marwan\desktop\csed\computer engineering year 3\2nd semester\graphics\3d-space-war-game\spacewars\spacewars\x64\debug\spacewars.tlog\cl.command.1.tlog
c:\users\marwan\desktop\csed\computer engineering year 3\2nd semester\graphics\3d-space-war-game\spacewars\spacewars\x64\debug\spacewars.tlog\cl.items.tlog
c:\users\marwan\desktop\csed\computer engineering year 3\2nd semester\graphics\3d-space-war-game\spacewars\spacewars\x64\debug\spacewars.tlog\cl.read.1.tlog
c:\users\marwan\desktop\csed\computer engineering year 3\2nd semester\graphics\3d-space-war-game\spacewars\spacewars\x64\debug\spacewars.tlog\cl.write.1.tlog
c:\users\marwan\desktop\csed\computer engineering year 3\2nd semester\graphics\3d-space-war-game\spacewars\spacewars\x64\debug\spacewars.tlog\link-cvtres.read.1.tlog
c:\users\marwan\desktop\csed\computer engineering year 3\2nd semester\graphics\3d-space-war-game\spacewars\spacewars\x64\debug\spacewars.tlog\link-cvtres.write.1.tlog
c:\users\marwan\desktop\csed\computer engineering year 3\2nd semester\graphics\3d-space-war-game\spacewars\spacewars\x64\debug\spacewars.tlog\link-rc.read.1.tlog
c:\users\marwan\desktop\csed\computer engineering year 3\2nd semester\graphics\3d-space-war-game\spacewars\spacewars\x64\debug\spacewars.tlog\link-rc.write.1.tlog
c:\users\marwan\desktop\csed\computer engineering year 3\2nd semester\graphics\3d-space-war-game\spacewars\spacewars\x64\debug\spacewars.tlog\link.command.1.tlog
c:\users\marwan\desktop\csed\computer engineering year 3\2nd semester\graphics\3d-space-war-game\spacewars\spacewars\x64\debug\spacewars.tlog\link.read.1.tlog
c:\users\marwan\desktop\csed\computer engineering year 3\2nd semester\graphics\3d-space-war-game\spacewars\spacewars\x64\debug\spacewars.tlog\link.read.2.tlog
c:\users\marwan\desktop\csed\computer engineering year 3\2nd semester\graphics\3d-space-war-game\spacewars\spacewars\x64\debug\spacewars.tlog\link.read.3.tlog
c:\users\marwan\desktop\csed\computer engineering year 3\2nd semester\graphics\3d-space-war-game\spacewars\spacewars\x64\debug\spacewars.tlog\link.read.4.tlog
c:\users\marwan\desktop\csed\computer engineering year 3\2nd semester\graphics\3d-space-war-game\spacewars\spacewars\x64\debug\spacewars.tlog\link.secondary.1.tlog
c:\users\marwan\desktop\csed\computer engineering year 3\2nd semester\graphics\3d-space-war-game\spacewars\spacewars\x64\debug\spacewars.tlog\link.write.1.tlog
